<?xml version="1.0" encoding="UTF-8"?>
<testsuite name="org.springframework.samples.petclinic.MySqlIntegrationTests" tests="2" skipped="0" failures="0" errors="0" timestamp="2026-08-22T02:51:29.898Z" hostname="k8smaster.example.net" time="3.296">
  <properties/>
  <testcase name="findAll()" classname="org.springframework.samples.petclinic.MySqlIntegrationTests" time="1.243"/>
  <testcase name="ownerDetails()" classname="org.springframework.samples.petclinic.MySqlIntegrationTests" time="2.049"/>
  <system-out><![CDATA[02:48:54.467 [Test worker] INFO org.springframework.test.context.support.AnnotationConfigContextLoaderUtils -- Could not detect default configuration classes for test class [org.springframework.samples.petclinic.MySqlIntegrationTests]: MySqlIntegrationTests does not declare any static, non-private, non-final, nested classes annotated with @Configuration.
02:48:54.519 [Test worker] INFO tc.mysql:9.7 -- Pulling docker image: mysql:9.7. Please be patient; this may take some time but only needs to be done once.
02:48:55.276 [docker-java-stream-213191291] INFO tc.mysql:9.7 -- Starting to pull image
02:48:55.278 [docker-java-stream-213191291] INFO tc.mysql:9.7 -- Pulling image layers:  0 pending,  0 downloaded,  0 extracted, (0 bytes/0 bytes)
02:48:55.774 [docker-java-stream-213191291] INFO tc.mysql:9.7 -- Pulling image layers:  9 pending,  1 downloaded,  0 extracted, (16 KB/? MB)
02:48:55.831 [docker-java-stream-213191291] INFO tc.mysql:9.7 -- Pulling image layers:  8 pending,  2 downloaded,  0 extracted, (496 KB/? MB)
02:48:56.082 [docker-java-stream-213191291] INFO tc.mysql:9.7 -- Pulling image layers:  7 pending,  3 downloaded,  0 extracted, (5 MB/? MB)
02:48:56.468 [docker-java-stream-213191291] INFO tc.mysql:9.7 -- Pulling image layers:  6 pending,  4 downloaded,  0 extracted, (19 MB/? MB)
02:48:56.487 [docker-java-stream-213191291] INFO tc.mysql:9.7 -- Pulling image layers:  5 pending,  5 downloaded,  0 extracted, (22 MB/? MB)
02:48:56.767 [docker-java-stream-213191291] INFO tc.mysql:9.7 -- Pulling image layers:  4 pending,  6 downloaded,  0 extracted, (30 MB/? MB)
02:48:57.372 [docker-java-stream-213191291] INFO tc.mysql:9.7 -- Pulling image layers:  3 pending,  7 downloaded,  0 extracted, (56 MB/? MB)
02:48:57.591 [docker-java-stream-213191291] INFO tc.mysql:9.7 -- Pulling image layers:  2 pending,  8 downloaded,  0 extracted, (60 MB/? MB)
02:48:58.886 [docker-java-stream-213191291] INFO tc.mysql:9.7 -- Pulling image layers:  1 pending,  9 downloaded,  0 extracted, (108 MB/? MB)
02:49:05.372 [docker-java-stream-213191291] INFO tc.mysql:9.7 -- Pulling image layers:  0 pending, 10 downloaded,  0 extracted, (252 MB/258 MB)
02:49:08.882 [docker-java-stream-213191291] INFO tc.mysql:9.7 -- Pulling image layers:  0 pending, 10 downloaded,  1 extracted, (253 MB/258 MB)
02:49:08.949 [docker-java-stream-213191291] INFO tc.mysql:9.7 -- Pulling image layers:  0 pending, 10 downloaded,  2 extracted, (253 MB/258 MB)
02:49:09.037 [docker-java-stream-213191291] INFO tc.mysql:9.7 -- Pulling image layers:  0 pending, 10 downloaded,  3 extracted, (254 MB/258 MB)
02:49:10.110 [docker-java-stream-213191291] INFO tc.mysql:9.7 -- Pulling image layers:  0 pending, 10 downloaded,  4 extracted, (255 MB/258 MB)
02:49:10.155 [docker-java-stream-213191291] INFO tc.mysql:9.7 -- Pulling image layers:  0 pending, 10 downloaded,  5 extracted, (255 MB/258 MB)
02:49:10.199 [docker-java-stream-213191291] INFO tc.mysql:9.7 -- Pulling image layers:  0 pending, 10 downloaded,  6 extracted, (255 MB/258 MB)
02:49:16.645 [docker-java-stream-213191291] INFO tc.mysql:9.7 -- Pulling image layers:  0 pending, 10 downloaded,  7 extracted, (256 MB/258 MB)
02:49:16.711 [docker-java-stream-213191291] INFO tc.mysql:9.7 -- Pulling image layers:  0 pending, 10 downloaded,  8 extracted, (256 MB/258 MB)
02:50:18.202 [docker-java-stream-213191291] INFO tc.mysql:9.7 -- Pulling image layers:  0 pending, 10 downloaded,  9 extracted, (258 MB/258 MB)
02:50:18.265 [docker-java-stream-213191291] INFO tc.mysql:9.7 -- Pulling image layers:  0 pending, 10 downloaded, 10 extracted, (258 MB/258 MB)
02:50:18.303 [docker-java-stream-213191291] INFO tc.mysql:9.7 -- Pull complete. 10 layers, pulled in 83s (downloaded 258 MB at 3 MB/s)
02:50:18.304 [Test worker] INFO tc.mysql:9.7 -- Image mysql:9.7 pull took PT1M23.783933834S
02:50:18.588 [Test worker] INFO org.springframework.boot.test.context.SpringBootTestContextBootstrapper -- Found @SpringBootConfiguration org.springframework.samples.petclinic.PetClinicApplication for test class org.springframework.samples.petclinic.MySqlIntegrationTests
02:50:18.807 [Test worker] INFO org.springframework.test.context.support.AnnotationConfigContextLoaderUtils -- Could not detect default configuration classes for test class [org.springframework.samples.petclinic.MySqlIntegrationTests]: MySqlIntegrationTests does not declare any static, non-private, non-final, nested classes annotated with @Configuration.
02:50:18.818 [Test worker] INFO org.springframework.boot.test.context.SpringBootTestContextBootstrapper -- Found @SpringBootConfiguration org.springframework.samples.petclinic.PetClinicApplication for test class org.springframework.samples.petclinic.MySqlIntegrationTests
02:50:18.888 [Test worker] INFO tc.mysql:9.7 -- Creating container for image: mysql:9.7
02:50:19.426 [Test worker] INFO tc.mysql:9.7 -- Container mysql:9.7 is starting: 7061c554485c5ec476fcb5a0c69bd52920545181c0f18e7e6e5389325df6264e
02:50:20.125 [Test worker] INFO tc.mysql:9.7 -- Waiting for database connection to become available at jdbc:mysql://localhost:32769/test using query 'SELECT 1'
02:50:45.699 [Test worker] INFO tc.mysql:9.7 -- Container mysql:9.7 started in PT26.81096903S
02:50:45.700 [Test worker] INFO tc.mysql:9.7 -- Container is started (JDBC URL: jdbc:mysql://localhost:32769/test)


              |\      _,,,--,,_
             /,`.-'`'   ._  \-;;,_
  _______ __|,4-  ) )_   .;.(__`'-'__     ___ __    _ ___ _______
 |       | '---''(_/._)-'(_\_)   |   |   |   |  |  | |   |       |
 |    _  |    ___|_     _|       |   |   |   |   |_| |   |       | __ _ _
 |   |_| |   |___  |   | |       |   |   |   |       |   |       | \ \ \ \
 |    ___|    ___| |   | |      _|   |___|   |  _    |   |      _|  \ \ \ \
 |   |   |   |___  |   | |     |_|       |   | | |   |   |     |_    ) ) ) )
 |___|   |_______| |___| |_______|_______|___|_|  |__|___|_______|  / / / /
 ==================================================================/_/_/_/

:: Built with Spring Boot :: 4.1.0


2026-08-22T02:50:46.653Z  INFO 732523 --- [    Test worker] o.s.s.petclinic.MySqlIntegrationTests    : Starting MySqlIntegrationTests using Java 17.0.19 with PID 732523 (started by vmadmin in /home/vmadmin/pet-clinic)
2026-08-22T02:50:46.659Z  INFO 732523 --- [    Test worker] o.s.s.petclinic.MySqlIntegrationTests    : The following 1 profile is active: "mysql"
2026-08-22T02:50:49.251Z  INFO 732523 --- [    Test worker] .s.d.r.c.RepositoryConfigurationDelegate : Bootstrapping Spring Data JPA repositories in DEFAULT mode.
2026-08-22T02:50:49.493Z  INFO 732523 --- [    Test worker] .s.d.r.c.RepositoryConfigurationDelegate : Finished Spring Data repository scanning in 205 ms. Found 3 JPA repository interfaces.
2026-08-22T02:50:51.893Z  INFO 732523 --- [    Test worker] o.s.boot.tomcat.TomcatWebServer          : Tomcat initialized with port 0 (http)
2026-08-22T02:50:51.927Z  INFO 732523 --- [    Test worker] o.apache.catalina.core.StandardService   : Starting service [Tomcat]
2026-08-22T02:50:51.929Z  INFO 732523 --- [    Test worker] o.apache.catalina.core.StandardEngine    : Starting Servlet engine: [Apache Tomcat/11.0.22]
2026-08-22T02:50:52.106Z  INFO 732523 --- [    Test worker] b.w.c.s.WebApplicationContextInitializer : Root WebApplicationContext: initialization completed in 5359 ms
2026-08-22T02:50:52.762Z  INFO 732523 --- [    Test worker] com.zaxxer.hikari.HikariDataSource       : HikariPool-1 - Starting...
2026-08-22T02:50:53.105Z  INFO 732523 --- [    Test worker] com.zaxxer.hikari.pool.HikariPool        : HikariPool-1 - Added connection com.mysql.cj.jdbc.ConnectionImpl@49616310
2026-08-22T02:50:53.109Z  INFO 732523 --- [    Test worker] com.zaxxer.hikari.HikariDataSource       : HikariPool-1 - Start completed.
2026-08-22T02:50:54.122Z  INFO 732523 --- [    Test worker] org.hibernate.orm.jpa                    : HHH008540: Processing PersistenceUnitInfo [name: default]
2026-08-22T02:50:54.258Z  INFO 732523 --- [    Test worker] org.hibernate.orm.core                   : HHH000001: Hibernate ORM core version 7.4.1.Final
2026-08-22T02:50:55.379Z  INFO 732523 --- [    Test worker] o.s.o.j.p.SpringPersistenceUnitInfo      : No LoadTimeWeaver setup: ignoring JPA class transformer
2026-08-22T02:50:55.652Z  INFO 732523 --- [    Test worker] org.hibernate.orm.connections.pooling    : HHH10001005: Database info:
	Database JDBC URL [jdbc:mysql://localhost:32769/test]
	Database driver: MySQL Connector/J
	Database dialect: MySQLDialect
	Database version: 9.7.2
	Default catalog/schema: test/undefined
	Autocommit mode: undefined/unknown
	Isolation level: REPEATABLE_READ [default REPEATABLE_READ]
	JDBC fetch size: none
	Pool: DataSourceConnectionProvider
	Minimum pool size: undefined/unknown
	Maximum pool size: undefined/unknown
2026-08-22T02:50:58.524Z  INFO 732523 --- [    Test worker] org.hibernate.orm.core                   : HHH000489: No JTA platform available (set 'hibernate.transaction.jta.platform' to enable JTA platform integration)
2026-08-22T02:50:58.546Z  INFO 732523 --- [    Test worker] j.LocalContainerEntityManagerFactoryBean : Initialized JPA EntityManagerFactory for persistence unit 'default'
2026-08-22T02:50:58.615Z  INFO 732523 --- [    Test worker] tc.mysql:9.7                             : Creating container for image: mysql:9.7
2026-08-22T02:50:58.701Z  INFO 732523 --- [    Test worker] tc.mysql:9.7                             : Container mysql:9.7 is starting: 9c09ba20200d55d5e52905f93feee1e11bdd71e33cb86742ed4e8e731e100d31
2026-08-22T02:50:59.392Z  INFO 732523 --- [    Test worker] tc.mysql:9.7                             : Waiting for database connection to become available at jdbc:mysql://localhost:32770/test using query 'SELECT 1'
2026-08-22T02:51:25.676Z  INFO 732523 --- [    Test worker] tc.mysql:9.7                             : Container mysql:9.7 started in PT27.060441415S
2026-08-22T02:51:25.677Z  INFO 732523 --- [    Test worker] tc.mysql:9.7                             : Container is started (JDBC URL: jdbc:mysql://localhost:32770/test)
2026-08-22T02:51:25.949Z  INFO 732523 --- [    Test worker] o.s.d.j.r.query.QueryEnhancerFactories   : Hibernate is in classpath; If applicable, HQL parser will be used.
2026-08-22T02:51:29.366Z  INFO 732523 --- [    Test worker] o.s.b.a.e.web.EndpointLinksResolver      : Exposing 13 endpoints beneath base path '/actuator'
2026-08-22T02:51:29.647Z  INFO 732523 --- [    Test worker] o.s.boot.tomcat.TomcatWebServer          : Tomcat started on port 42577 (http) with context path '/'
2026-08-22T02:51:29.681Z  INFO 732523 --- [    Test worker] o.s.s.petclinic.MySqlIntegrationTests    : Started MySqlIntegrationTests in 43.853 seconds (process running for 174.56)
2026-08-22T02:51:31.615Z  INFO 732523 --- [o-auto-1-exec-1] o.a.c.c.C.[Tomcat].[localhost].[/]       : Initializing Spring DispatcherServlet 'dispatcherServlet'
2026-08-22T02:51:31.616Z  INFO 732523 --- [o-auto-1-exec-1] o.s.web.servlet.DispatcherServlet        : Initializing Servlet 'dispatcherServlet'
2026-08-22T02:51:31.623Z  INFO 732523 --- [o-auto-1-exec-1] o.s.web.servlet.DispatcherServlet        : Completed initialization in 6 ms
]]></system-out>
  <system-err><![CDATA[]]></system-err>
</testsuite>
