<?xml version="1.0" encoding="UTF-8"?>
<testsuite name="org.springframework.samples.petclinic.model.ValidatorTests" tests="2" skipped="0" failures="0" errors="0" timestamp="2026-08-22T02:52:22.185Z" hostname="k8smaster.example.net" time="0.09">
  <properties/>
  <testcase name="shouldNotValidateWhenLastNameEmpty()" classname="org.springframework.samples.petclinic.model.ValidatorTests" time="0.072"/>
  <testcase name="shouldNotValidateWhenFirstNameEmpty()" classname="org.springframework.samples.petclinic.model.ValidatorTests" time="0.017"/>
  <system-out><![CDATA[]]></system-out>
  <system-err><![CDATA[]]></system-err>
</testsuite>
