<?xml version="1.0" encoding="UTF-8"?>
<testsuite name="org.springframework.samples.petclinic.owner.PetValidatorTests" tests="3" skipped="0" failures="0" errors="0" timestamp="2026-08-22T02:52:30.887Z" hostname="k8smaster.example.net" time="0.026">
  <properties/>
  <testcase name="supportsPetClass()" classname="org.springframework.samples.petclinic.owner.PetValidatorTests" time="0.012"/>
  <testcase name="validate()" classname="org.springframework.samples.petclinic.owner.PetValidatorTests" time="0.006"/>
  <testcase name="doesNotSupportNonPetClass()" classname="org.springframework.samples.petclinic.owner.PetValidatorTests" time="0.004"/>
  <system-out><![CDATA[]]></system-out>
  <system-err><![CDATA[]]></system-err>
</testsuite>
