<?xml version="1.0" encoding="UTF-8"?>
<testsuite name="org.springframework.samples.petclinic.owner.PetControllerTests" tests="4" skipped="0" failures="0" errors="0" timestamp="2026-08-22T02:52:28.126Z" hostname="k8smaster.example.net" time="0.408">
  <properties/>
  <testcase name="processUpdateFormSuccess()" classname="org.springframework.samples.petclinic.owner.PetControllerTests" time="0.064"/>
  <testcase name="processUpdateFormWithSameName()" classname="org.springframework.samples.petclinic.owner.PetControllerTests" time="0.043"/>
  <testcase name="processCreationFormSuccess()" classname="org.springframework.samples.petclinic.owner.PetControllerTests" time="0.049"/>
  <testcase name="initCreationForm()" classname="org.springframework.samples.petclinic.owner.PetControllerTests" time="0.213"/>
  <system-out><![CDATA[2026-08-22T02:52:26.461Z  INFO 732523 --- [    Test worker] t.c.s.AnnotationConfigContextLoaderUtils : Could not detect default configuration classes for test class [org.springframework.samples.petclinic.owner.PetControllerTests]: PetControllerTests does not declare any static, non-private, non-final, nested classes annotated with @Configuration.
2026-08-22T02:52:26.502Z  INFO 732523 --- [    Test worker] .b.t.c.SpringBootTestContextBootstrapper : Found @SpringBootConfiguration org.springframework.samples.petclinic.PetClinicApplication for test class org.springframework.samples.petclinic.owner.PetControllerTests
2026-08-22T02:52:26.506Z  INFO 732523 --- [    Test worker] t.c.s.AnnotationConfigContextLoaderUtils : Could not detect default configuration classes for test class [org.springframework.samples.petclinic.owner.PetControllerTests]: PetControllerTests does not declare any static, non-private, non-final, nested classes annotated with @Configuration.
2026-08-22T02:52:26.534Z  INFO 732523 --- [    Test worker] .b.t.c.SpringBootTestContextBootstrapper : Found @SpringBootConfiguration org.springframework.samples.petclinic.PetClinicApplication for test class org.springframework.samples.petclinic.owner.PetControllerTests


              |\      _,,,--,,_
             /,`.-'`'   ._  \-;;,_
  _______ __|,4-  ) )_   .;.(__`'-'__     ___ __    _ ___ _______
 |       | '---''(_/._)-'(_\_)   |   |   |   |  |  | |   |       |
 |    _  |    ___|_     _|       |   |   |   |   |_| |   |       | __ _ _
 |   |_| |   |___  |   | |       |   |   |   |       |   |       | \ \ \ \
 |    ___|    ___| |   | |      _|   |___|   |  _    |   |      _|  \ \ \ \
 |   |   |   |___  |   | |     |_|       |   | | |   |   |     |_    ) ) ) )
 |___|   |_______| |___| |_______|_______|___|_|  |__|___|_______|  / / / /
 ==================================================================/_/_/_/

:: Built with Spring Boot :: 4.1.0


2026-08-22T02:52:26.667Z  INFO 732523 --- [    Test worker] o.s.s.p.owner.PetControllerTests         : Starting PetControllerTests using Java 17.0.19 with PID 732523 (started by vmadmin in /home/vmadmin/pet-clinic)
2026-08-22T02:52:26.670Z  INFO 732523 --- [    Test worker] o.s.s.p.owner.PetControllerTests         : No active profile set, falling back to 1 default profile: "default"
2026-08-22T02:52:28.061Z  INFO 732523 --- [    Test worker] o.s.b.t.m.w.SpringBootMockServletContext : Initializing Spring TestDispatcherServlet ''
2026-08-22T02:52:28.062Z  INFO 732523 --- [    Test worker] o.s.t.web.servlet.TestDispatcherServlet  : Initializing Servlet ''
2026-08-22T02:52:28.066Z  INFO 732523 --- [    Test worker] o.s.t.web.servlet.TestDispatcherServlet  : Completed initialization in 4 ms
2026-08-22T02:52:28.110Z  INFO 732523 --- [    Test worker] o.s.s.p.owner.PetControllerTests         : Started PetControllerTests in 1.558 seconds (process running for 232.988)
]]></system-out>
  <system-err><![CDATA[]]></system-err>
</testsuite>
