<?xml version="1.0" encoding="UTF-8"?>
<testsuite name="org.springframework.samples.petclinic.system.WelcomeControllerTests" tests="1" skipped="0" failures="0" errors="0" timestamp="2026-08-22T02:52:38.162Z" hostname="k8smaster.example.net" time="0.164">
  <properties/>
  <testcase name="welcome()" classname="org.springframework.samples.petclinic.system.WelcomeControllerTests" time="0.164"/>
  <system-out><![CDATA[2026-08-22T02:52:37.394Z  INFO 732523 --- [    Test worker] t.c.s.AnnotationConfigContextLoaderUtils : Could not detect default configuration classes for test class [org.springframework.samples.petclinic.system.WelcomeControllerTests]: WelcomeControllerTests does not declare any static, non-private, non-final, nested classes annotated with @Configuration.
2026-08-22T02:52:37.439Z  INFO 732523 --- [    Test worker] .b.t.c.SpringBootTestContextBootstrapper : Found @SpringBootConfiguration org.springframework.samples.petclinic.system.CrashControllerIntegrationTests$TestConfiguration for test class org.springframework.samples.petclinic.system.WelcomeControllerTests
2026-08-22T02:52:37.443Z  INFO 732523 --- [    Test worker] t.c.s.AnnotationConfigContextLoaderUtils : Could not detect default configuration classes for test class [org.springframework.samples.petclinic.system.WelcomeControllerTests]: WelcomeControllerTests does not declare any static, non-private, non-final, nested classes annotated with @Configuration.
2026-08-22T02:52:37.473Z  INFO 732523 --- [    Test worker] .b.t.c.SpringBootTestContextBootstrapper : Found @SpringBootConfiguration org.springframework.samples.petclinic.system.CrashControllerIntegrationTests$TestConfiguration for test class org.springframework.samples.petclinic.system.WelcomeControllerTests


              |\      _,,,--,,_
             /,`.-'`'   ._  \-;;,_
  _______ __|,4-  ) )_   .;.(__`'-'__     ___ __    _ ___ _______
 |       | '---''(_/._)-'(_\_)   |   |   |   |  |  | |   |       |
 |    _  |    ___|_     _|       |   |   |   |   |_| |   |       | __ _ _
 |   |_| |   |___  |   | |       |   |   |   |       |   |       | \ \ \ \
 |    ___|    ___| |   | |      _|   |___|   |  _    |   |      _|  \ \ \ \
 |   |   |   |___  |   | |     |_|       |   | | |   |   |     |_    ) ) ) )
 |___|   |_______| |___| |_______|_______|___|_|  |__|___|_______|  / / / /
 ==================================================================/_/_/_/

:: Built with Spring Boot :: 4.1.0


2026-08-22T02:52:37.552Z  INFO 732523 --- [    Test worker] o.s.s.p.system.WelcomeControllerTests    : Starting WelcomeControllerTests using Java 17.0.19 with PID 732523 (started by vmadmin in /home/vmadmin/pet-clinic)
2026-08-22T02:52:37.553Z  INFO 732523 --- [    Test worker] o.s.s.p.system.WelcomeControllerTests    : No active profile set, falling back to 1 default profile: "default"
2026-08-22T02:52:37.918Z  WARN 732523 --- [l-1:housekeeper] com.zaxxer.hikari.pool.PoolBase          : HikariPool-1 - Failed to validate connection com.mysql.cj.jdbc.ConnectionImpl@d01a7cd (No operations allowed after connection closed.). Possibly consider using a shorter maxLifetime value.
2026-08-22T02:52:38.130Z  INFO 732523 --- [    Test worker] o.s.b.t.m.w.SpringBootMockServletContext : Initializing Spring TestDispatcherServlet ''
2026-08-22T02:52:38.130Z  INFO 732523 --- [    Test worker] o.s.t.web.servlet.TestDispatcherServlet  : Initializing Servlet ''
2026-08-22T02:52:38.133Z  INFO 732523 --- [    Test worker] o.s.t.web.servlet.TestDispatcherServlet  : Completed initialization in 3 ms
2026-08-22T02:52:38.156Z  INFO 732523 --- [    Test worker] o.s.s.p.system.WelcomeControllerTests    : Started WelcomeControllerTests in 0.669 seconds (process running for 243.035)
]]></system-out>
  <system-err><![CDATA[]]></system-err>
</testsuite>
