<?xml version="1.0" encoding="UTF-8"?>
<testsuite name="org.springframework.samples.petclinic.owner.PetTypeFormatterTests" tests="3" skipped="0" failures="0" errors="0" timestamp="2026-08-22T02:52:30.795Z" hostname="k8smaster.example.net" time="0.087">
  <properties/>
  <testcase name="shouldThrowParseException()" classname="org.springframework.samples.petclinic.owner.PetTypeFormatterTests" time="0.074"/>
  <testcase name="testPrint()" classname="org.springframework.samples.petclinic.owner.PetTypeFormatterTests" time="0.004"/>
  <testcase name="shouldParse()" classname="org.springframework.samples.petclinic.owner.PetTypeFormatterTests" time="0.005"/>
  <system-out><![CDATA[2026-08-22T02:52:30.839Z  WARN 732523 --- [l-1:housekeeper] com.zaxxer.hikari.pool.PoolBase          : HikariPool-1 - Failed to validate connection com.mysql.cj.jdbc.ConnectionImpl@47634d2e (No operations allowed after connection closed.). Possibly consider using a shorter maxLifetime value.
2026-08-22T02:52:30.870Z  WARN 732523 --- [l-1:housekeeper] com.zaxxer.hikari.pool.PoolBase          : HikariPool-1 - Failed to validate connection com.mysql.cj.jdbc.ConnectionImpl@49616310 (No operations allowed after connection closed.). Possibly consider using a shorter maxLifetime value.
]]></system-out>
  <system-err><![CDATA[]]></system-err>
</testsuite>
