<?xml version="1.0" encoding="UTF-8"?>
<testsuite name="org.springframework.samples.petclinic.PetClinicConcurrencyTests" tests="1" skipped="0" failures="0" errors="0" timestamp="2026-08-22T02:51:38.124Z" hostname="k8smaster.example.net" time="0.79">
  <properties/>
  <testcase name="testDuplicatePetNameRaceConditionIsBlocked()" classname="org.springframework.samples.petclinic.PetClinicConcurrencyTests" time="0.79"/>
  <system-out><![CDATA[2026-08-22T02:51:33.879Z  INFO 732523 --- [    Test worker] t.c.s.AnnotationConfigContextLoaderUtils : Could not detect default configuration classes for test class [org.springframework.samples.petclinic.PetClinicConcurrencyTests]: PetClinicConcurrencyTests does not declare any static, non-private, non-final, nested classes annotated with @Configuration.
2026-08-22T02:51:33.886Z  INFO 732523 --- [    Test worker] .b.t.c.SpringBootTestContextBootstrapper : Found @SpringBootConfiguration org.springframework.samples.petclinic.PetClinicApplication for test class org.springframework.samples.petclinic.PetClinicConcurrencyTests
2026-08-22T02:51:33.890Z  INFO 732523 --- [    Test worker] t.c.s.AnnotationConfigContextLoaderUtils : Could not detect default configuration classes for test class [org.springframework.samples.petclinic.PetClinicConcurrencyTests]: PetClinicConcurrencyTests does not declare any static, non-private, non-final, nested classes annotated with @Configuration.
2026-08-22T02:51:33.894Z  INFO 732523 --- [    Test worker] .b.t.c.SpringBootTestContextBootstrapper : Found @SpringBootConfiguration org.springframework.samples.petclinic.PetClinicApplication for test class org.springframework.samples.petclinic.PetClinicConcurrencyTests


              |\      _,,,--,,_
             /,`.-'`'   ._  \-;;,_
  _______ __|,4-  ) )_   .;.(__`'-'__     ___ __    _ ___ _______
 |       | '---''(_/._)-'(_\_)   |   |   |   |  |  | |   |       |
 |    _  |    ___|_     _|       |   |   |   |   |_| |   |       | __ _ _
 |   |_| |   |___  |   | |       |   |   |   |       |   |       | \ \ \ \
 |    ___|    ___| |   | |      _|   |___|   |  _    |   |      _|  \ \ \ \
 |   |   |   |___  |   | |     |_|       |   | | |   |   |     |_    ) ) ) )
 |___|   |_______| |___| |_______|_______|___|_|  |__|___|_______|  / / / /
 ==================================================================/_/_/_/

:: Built with Spring Boot :: 4.1.0


2026-08-22T02:51:33.981Z  INFO 732523 --- [    Test worker] o.s.s.p.PetClinicConcurrencyTests        : Starting PetClinicConcurrencyTests using Java 17.0.19 with PID 732523 (started by vmadmin in /home/vmadmin/pet-clinic)
2026-08-22T02:51:33.982Z  INFO 732523 --- [    Test worker] o.s.s.p.PetClinicConcurrencyTests        : No active profile set, falling back to 1 default profile: "default"
2026-08-22T02:51:34.785Z  INFO 732523 --- [    Test worker] .s.d.r.c.RepositoryConfigurationDelegate : Bootstrapping Spring Data JPA repositories in DEFAULT mode.
2026-08-22T02:51:34.845Z  INFO 732523 --- [    Test worker] .s.d.r.c.RepositoryConfigurationDelegate : Finished Spring Data repository scanning in 54 ms. Found 3 JPA repository interfaces.
2026-08-22T02:51:35.353Z  INFO 732523 --- [    Test worker] o.s.boot.tomcat.TomcatWebServer          : Tomcat initialized with port 0 (http)
2026-08-22T02:51:35.357Z  INFO 732523 --- [    Test worker] o.apache.catalina.core.StandardService   : Starting service [Tomcat]
2026-08-22T02:51:35.358Z  INFO 732523 --- [    Test worker] o.apache.catalina.core.StandardEngine    : Starting Servlet engine: [Apache Tomcat/11.0.22]
2026-08-22T02:51:35.402Z  INFO 732523 --- [    Test worker] b.w.c.s.WebApplicationContextInitializer : Root WebApplicationContext: initialization completed in 1411 ms
2026-08-22T02:51:35.637Z  INFO 732523 --- [    Test worker] com.zaxxer.hikari.HikariDataSource       : HikariPool-2 - Starting...
2026-08-22T02:51:36.145Z  INFO 732523 --- [    Test worker] com.zaxxer.hikari.pool.HikariPool        : HikariPool-2 - Added connection conn0: url=jdbc:h2:mem:f1ee5cbd-ba95-4113-99d6-289ed2ca5520 user=SA
2026-08-22T02:51:36.147Z  INFO 732523 --- [    Test worker] com.zaxxer.hikari.HikariDataSource       : HikariPool-2 - Start completed.
2026-08-22T02:51:36.426Z  INFO 732523 --- [    Test worker] org.hibernate.orm.jpa                    : HHH008540: Processing PersistenceUnitInfo [name: default]
2026-08-22T02:51:36.497Z  INFO 732523 --- [    Test worker] o.s.o.j.p.SpringPersistenceUnitInfo      : No LoadTimeWeaver setup: ignoring JPA class transformer
2026-08-22T02:51:36.518Z  INFO 732523 --- [    Test worker] org.hibernate.orm.connections.pooling    : HHH10001005: Database info:
	Database JDBC URL [jdbc:h2:mem:f1ee5cbd-ba95-4113-99d6-289ed2ca5520]
	Database driver: H2 JDBC Driver
	Database dialect: H2Dialect
	Database version: 2.4.240
	Default catalog/schema: F1EE5CBD-BA95-4113-99D6-289ED2CA5520/PUBLIC
	Autocommit mode: undefined/unknown
	Isolation level: READ_COMMITTED [default READ_COMMITTED]
	JDBC fetch size: 100
	Pool: DataSourceConnectionProvider
	Minimum pool size: undefined/unknown
	Maximum pool size: undefined/unknown
2026-08-22T02:51:36.909Z  INFO 732523 --- [    Test worker] org.hibernate.orm.core                   : HHH000489: No JTA platform available (set 'hibernate.transaction.jta.platform' to enable JTA platform integration)
2026-08-22T02:51:36.913Z  INFO 732523 --- [    Test worker] j.LocalContainerEntityManagerFactoryBean : Initialized JPA EntityManagerFactory for persistence unit 'default'
2026-08-22T02:51:38.012Z  INFO 732523 --- [    Test worker] o.s.b.a.e.web.EndpointLinksResolver      : Exposing 13 endpoints beneath base path '/actuator'
2026-08-22T02:51:38.096Z  INFO 732523 --- [    Test worker] o.s.boot.tomcat.TomcatWebServer          : Tomcat started on port 37161 (http) with context path '/'
2026-08-22T02:51:38.110Z  INFO 732523 --- [    Test worker] o.s.s.p.PetClinicConcurrencyTests        : Started PetClinicConcurrencyTests in 4.195 seconds (process running for 182.988)
2026-08-22T02:51:38.230Z  INFO 732523 --- [o-auto-2-exec-1] o.a.c.c.C.[Tomcat-1].[localhost].[/]     : Initializing Spring DispatcherServlet 'dispatcherServlet'
2026-08-22T02:51:38.231Z  INFO 732523 --- [o-auto-2-exec-1] o.s.web.servlet.DispatcherServlet        : Initializing Servlet 'dispatcherServlet'
2026-08-22T02:51:38.235Z  INFO 732523 --- [o-auto-2-exec-1] o.s.web.servlet.DispatcherServlet        : Completed initialization in 3 ms
2026-08-22T02:51:38.648Z  WARN 732523 --- [o-auto-2-exec-2] org.hibernate.orm.jdbc.error             : HHH000247: ErrorCode: 23505, SQLState: 23505
2026-08-22T02:51:38.648Z  WARN 732523 --- [o-auto-2-exec-2] org.hibernate.orm.jdbc.error             : Unique index or primary key violation: "PUBLIC.UNIQUE_OWNER_PET_NAME INDEX PUBLIC.UNIQUE_OWNER_PET_NAME_INDEX_2 ON PUBLIC.PETS(OWNER_ID NULLS FIRST, NAME NULLS FIRST) VALUES ( /* key:15 */ 1, CAST('ConcurrencyTestPet' AS VARCHAR_IGNORECASE(18)))"; SQL statement:
update pets set owner_id=? where id=? [23505-240]
--- Concurrency Test Assertions ---
Successful additions: 1
Failed additions: 1
Original Pet Count: 1
Final Pet Count: 2
]]></system-out>
  <system-err><![CDATA[]]></system-err>
</testsuite>
