<?xml version="1.0" encoding="UTF-8"?>
<testsuite name="org.springframework.samples.petclinic.owner.PetValidatorTests$ValidateHasErrors" tests="3" skipped="0" failures="0" errors="0" timestamp="2026-08-22T02:52:30.918Z" hostname="k8smaster.example.net" time="0.02">
  <properties/>
  <testcase name="validateWithInvalidPetName()" classname="org.springframework.samples.petclinic.owner.PetValidatorTests$ValidateHasErrors" time="0.005"/>
  <testcase name="validateWithInvalidPetType()" classname="org.springframework.samples.petclinic.owner.PetValidatorTests$ValidateHasErrors" time="0.005"/>
  <testcase name="validateWithInvalidBirthDate()" classname="org.springframework.samples.petclinic.owner.PetValidatorTests$ValidateHasErrors" time="0.004"/>
  <system-out><![CDATA[]]></system-out>
  <system-err><![CDATA[]]></system-err>
</testsuite>
