<?xml version="1.0" encoding="UTF-8"?>
<testsuite name="org.springframework.samples.petclinic.system.I18nPropertiesSyncTest" tests="2" skipped="0" failures="0" errors="0" timestamp="2026-08-22T02:52:37.286Z" hostname="k8smaster.example.net" time="0.094">
  <properties/>
  <testcase name="checkNonInternationalizedStrings()" classname="org.springframework.samples.petclinic.system.I18nPropertiesSyncTest" time="0.066"/>
  <testcase name="checkI18nPropertyFilesAreInSync()" classname="org.springframework.samples.petclinic.system.I18nPropertiesSyncTest" time="0.026"/>
  <system-out><![CDATA[]]></system-out>
  <system-err><![CDATA[]]></system-err>
</testsuite>
